0 info it worked if it ends with ok
1 verbose cli [ '/usr/local/Cellar/node/0.12.5/bin/node',
1 verbose cli   '/usr/local/bin/npm',
1 verbose cli   'install',
1 verbose cli   '-g',
1 verbose cli   'rethinkdb' ]
2 info using npm@3.6.0
3 info using node@v5.7.1
4 silly loadCurrentTree Starting
5 silly install loadCurrentTree
6 silly install readGlobalPackageData
7 silly fetchPackageMetaData rethinkdb
8 silly fetchNamedPackageData rethinkdb
9 silly mapToRegistry name rethinkdb
10 silly mapToRegistry using default registry
11 silly mapToRegistry registry https://registry.npmjs.org/
12 silly mapToRegistry uri https://registry.npmjs.org/rethinkdb
13 verbose request uri https://registry.npmjs.org/rethinkdb
14 verbose request no auth needed
15 info attempt registry request try #1 at 2:16:27 PM
16 verbose request id e876f7524bfb4f39
17 http request GET https://registry.npmjs.org/rethinkdb
18 http 200 https://registry.npmjs.org/rethinkdb
19 verbose headers { server: 'CouchDB/1.5.0 (Erlang OTP/R16B03)',
19 verbose headers   etag: '"B1Y52SB4UHSS3DZP56EVUG0RE"',
19 verbose headers   'content-type': 'application/json',
19 verbose headers   'cache-control': 'max-age=300',
19 verbose headers   'content-length': '48000',
19 verbose headers   'accept-ranges': 'bytes',
19 verbose headers   date: 'Sat, 05 Mar 2016 19:16:27 GMT',
19 verbose headers   via: '1.1 varnish',
19 verbose headers   age: '0',
19 verbose headers   connection: 'keep-alive',
19 verbose headers   'x-served-by': 'cache-atl6222-ATL',
19 verbose headers   'x-cache': 'HIT',
19 verbose headers   'x-cache-hits': '1',
19 verbose headers   'x-timer': 'S1457205387.519367,VS0,VE81',
19 verbose headers   vary: 'Accept' }
20 silly get cb [ 200,
20 silly get   { server: 'CouchDB/1.5.0 (Erlang OTP/R16B03)',
20 silly get     etag: '"B1Y52SB4UHSS3DZP56EVUG0RE"',
20 silly get     'content-type': 'application/json',
20 silly get     'cache-control': 'max-age=300',
20 silly get     'content-length': '48000',
20 silly get     'accept-ranges': 'bytes',
20 silly get     date: 'Sat, 05 Mar 2016 19:16:27 GMT',
20 silly get     via: '1.1 varnish',
20 silly get     age: '0',
20 silly get     connection: 'keep-alive',
20 silly get     'x-served-by': 'cache-atl6222-ATL',
20 silly get     'x-cache': 'HIT',
20 silly get     'x-cache-hits': '1',
20 silly get     'x-timer': 'S1457205387.519367,VS0,VE81',
20 silly get     vary: 'Accept' } ]
21 verbose get saving rethinkdb to /Users/Doulatshahi/.npm/registry.npmjs.org/rethinkdb/.cache.json
22 verbose correctMkdir /Users/Doulatshahi/.npm correctMkdir not in flight; initializing
23 silly install normalizeTree
24 silly loadCurrentTree Finishing
25 silly loadIdealTree Starting
26 silly install loadIdealTree
27 silly cloneCurrentTree Starting
28 silly install cloneCurrentTreeToIdealTree
29 silly cloneCurrentTree Finishing
30 silly loadShrinkwrap Starting
31 silly install loadShrinkwrap
32 silly loadShrinkwrap Finishing
33 silly loadAllDepsIntoIdealTree Starting
34 silly install loadAllDepsIntoIdealTree
35 silly resolveWithNewModule rethinkdb@2.2.2 checking installable status
36 silly cache add args [ 'rethinkdb', null ]
37 verbose cache add spec rethinkdb
38 silly cache add parsed spec Result {
38 silly cache add   raw: 'rethinkdb',
38 silly cache add   scope: null,
38 silly cache add   name: 'rethinkdb',
38 silly cache add   rawSpec: '',
38 silly cache add   spec: 'latest',
38 silly cache add   type: 'tag' }
39 silly addNamed rethinkdb@latest
40 verbose addNamed "latest" is being treated as a dist-tag for rethinkdb
41 info addNameTag [ 'rethinkdb', 'latest' ]
42 silly mapToRegistry name rethinkdb
43 silly mapToRegistry using default registry
44 silly mapToRegistry registry https://registry.npmjs.org/
45 silly mapToRegistry uri https://registry.npmjs.org/rethinkdb
46 verbose addNameTag registry:https://registry.npmjs.org/rethinkdb not in flight; fetching
47 verbose get https://registry.npmjs.org/rethinkdb not expired, no request
48 silly addNameTag next cb for rethinkdb with tag latest
49 silly addNamed rethinkdb@2.2.2
50 verbose addNamed "2.2.2" is a plain semver version for rethinkdb
51 silly mapToRegistry name rethinkdb
52 silly mapToRegistry using default registry
53 silly mapToRegistry registry https://registry.npmjs.org/
54 silly mapToRegistry uri https://registry.npmjs.org/rethinkdb
55 verbose addRemoteTarball https://registry.npmjs.org/rethinkdb/-/rethinkdb-2.2.2.tgz not in flight; adding
56 verbose addRemoteTarball [ 'https://registry.npmjs.org/rethinkdb/-/rethinkdb-2.2.2.tgz',
56 verbose addRemoteTarball   'ae3b01879e0601be819797be04b74570ee2c76b7' ]
57 info retry fetch attempt 1 at 2:16:28 PM
58 info attempt registry request try #1 at 2:16:28 PM
59 http fetch GET https://registry.npmjs.org/rethinkdb/-/rethinkdb-2.2.2.tgz
60 http fetch 200 https://registry.npmjs.org/rethinkdb/-/rethinkdb-2.2.2.tgz
61 silly fetchAndShaCheck shasum ae3b01879e0601be819797be04b74570ee2c76b7
62 verbose addTmpTarball /var/folders/bx/0qkq43pd24jcr2dmb3mffj1h0000gn/T/npm-37473-21082962/registry.npmjs.org/rethinkdb/-/rethinkdb-2.2.2.tgz not in flight; adding
63 verbose addTmpTarball already have metadata; skipping unpack for rethinkdb@2.2.2
64 verbose correctMkdir /Users/Doulatshahi/.npm correctMkdir not in flight; initializing
65 silly cache afterAdd rethinkdb@2.2.2
66 verbose afterAdd /Users/Doulatshahi/.npm/rethinkdb/2.2.2/package/package.json not in flight; writing
67 verbose correctMkdir /Users/Doulatshahi/.npm correctMkdir not in flight; initializing
68 verbose afterAdd /Users/Doulatshahi/.npm/rethinkdb/2.2.2/package/package.json written
69 silly fetchNamedPackageData bluebird
70 silly mapToRegistry name bluebird
71 silly mapToRegistry using default registry
72 silly mapToRegistry registry https://registry.npmjs.org/
73 silly mapToRegistry uri https://registry.npmjs.org/bluebird
74 verbose request uri https://registry.npmjs.org/bluebird
75 verbose request no auth needed
76 info attempt registry request try #1 at 2:16:29 PM
77 http request GET https://registry.npmjs.org/bluebird
78 http 200 https://registry.npmjs.org/bluebird
79 verbose headers { server: 'CouchDB/1.5.0 (Erlang OTP/R16B03)',
79 verbose headers   etag: '"N00G1RKIWF99XH8397XEBNZ9"',
79 verbose headers   'content-type': 'application/json',
79 verbose headers   'cache-control': 'max-age=300',
79 verbose headers   'content-length': '362325',
79 verbose headers   'accept-ranges': 'bytes',
79 verbose headers   date: 'Sat, 05 Mar 2016 19:16:28 GMT',
79 verbose headers   via: '1.1 varnish',
79 verbose headers   age: '154',
79 verbose headers   connection: 'keep-alive',
79 verbose headers   'x-served-by': 'cache-atl6224-ATL',
79 verbose headers   'x-cache': 'HIT',
79 verbose headers   'x-cache-hits': '4',
79 verbose headers   'x-timer': 'S1457205388.055690,VS0,VE0',
79 verbose headers   vary: 'Accept' }
80 silly get cb [ 200,
80 silly get   { server: 'CouchDB/1.5.0 (Erlang OTP/R16B03)',
80 silly get     etag: '"N00G1RKIWF99XH8397XEBNZ9"',
80 silly get     'content-type': 'application/json',
80 silly get     'cache-control': 'max-age=300',
80 silly get     'content-length': '362325',
80 silly get     'accept-ranges': 'bytes',
80 silly get     date: 'Sat, 05 Mar 2016 19:16:28 GMT',
80 silly get     via: '1.1 varnish',
80 silly get     age: '154',
80 silly get     connection: 'keep-alive',
80 silly get     'x-served-by': 'cache-atl6224-ATL',
80 silly get     'x-cache': 'HIT',
80 silly get     'x-cache-hits': '4',
80 silly get     'x-timer': 'S1457205388.055690,VS0,VE0',
80 silly get     vary: 'Accept' } ]
81 verbose get saving bluebird to /Users/Doulatshahi/.npm/registry.npmjs.org/bluebird/.cache.json
82 verbose correctMkdir /Users/Doulatshahi/.npm correctMkdir not in flight; initializing
83 silly resolveWithNewModule bluebird@2.10.2 checking installable status
84 silly cache add args [ 'bluebird@>= 2.3.2 < 3', null ]
85 verbose cache add spec bluebird@>= 2.3.2 < 3
86 silly cache add parsed spec Result {
86 silly cache add   raw: 'bluebird@>= 2.3.2 < 3',
86 silly cache add   scope: null,
86 silly cache add   name: 'bluebird',
86 silly cache add   rawSpec: '>= 2.3.2 < 3',
86 silly cache add   spec: '>=2.3.2 <3.0.0',
86 silly cache add   type: 'range' }
87 silly addNamed bluebird@>=2.3.2 <3.0.0
88 verbose addNamed ">=2.3.2 <3.0.0" is a valid semver range for bluebird
89 silly addNameRange { name: 'bluebird', range: '>=2.3.2 <3.0.0', hasData: false }
90 silly mapToRegistry name bluebird
91 silly mapToRegistry using default registry
92 silly mapToRegistry registry https://registry.npmjs.org/
93 silly mapToRegistry uri https://registry.npmjs.org/bluebird
94 verbose addNameRange registry:https://registry.npmjs.org/bluebird not in flight; fetching
95 verbose get https://registry.npmjs.org/bluebird not expired, no request
96 silly addNameRange number 2 { name: 'bluebird', range: '>=2.3.2 <3.0.0', hasData: true }
97 silly addNameRange versions [ 'bluebird',
97 silly addNameRange   [ '0.7.1-1',
97 silly addNameRange     '0.7.1-2',
97 silly addNameRange     '0.7.1-3',
97 silly addNameRange     '0.7.1-4',
97 silly addNameRange     '0.7.1-5',
97 silly addNameRange     '0.7.2-0',
97 silly addNameRange     '0.7.3-0',
97 silly addNameRange     '0.7.4-0',
97 silly addNameRange     '0.7.4-1',
97 silly addNameRange     '0.7.5-0',
97 silly addNameRange     '0.7.6-0',
97 silly addNameRange     '0.7.7-0',
97 silly addNameRange     '0.7.7-1',
97 silly addNameRange     '0.7.8-0',
97 silly addNameRange     '0.7.8-1',
97 silly addNameRange     '0.7.9-0',
97 silly addNameRange     '0.7.9-1',
97 silly addNameRange     '0.7.10-0',
97 silly addNameRange     '0.7.10-1',
97 silly addNameRange     '0.7.11-0',
97 silly addNameRange     '0.7.12-0',
97 silly addNameRange     '0.7.12-1',
97 silly addNameRange     '0.7.12-2',
97 silly addNameRange     '0.8.0-0',
97 silly addNameRange     '0.8.0-1',
97 silly addNameRange     '0.8.0-2',
97 silly addNameRange     '0.8.0-3',
97 silly addNameRange     '0.8.1-0',
97 silly addNameRange     '0.8.2-0',
97 silly addNameRange     '0.8.2-1',
97 silly addNameRange     '0.8.2-2',
97 silly addNameRange     '0.8.3-0',
97 silly addNameRange     '0.8.3-1',
97 silly addNameRange     '0.8.3-2',
97 silly addNameRange     '0.8.3-3',
97 silly addNameRange     '0.8.4-0',
97 silly addNameRange     '0.8.4-1',
97 silly addNameRange     '0.8.5-0',
97 silly addNameRange     '0.8.5-1',
97 silly addNameRange     '0.9.0-0',
97 silly addNameRange     '0.9.1-0',
97 silly addNameRange     '0.9.1-1',
97 silly addNameRange     '0.9.2-0',
97 silly addNameRange     '0.9.2-1',
97 silly addNameRange     '0.9.3-0',
97 silly addNameRange     '0.9.4-0',
97 silly addNameRange     '0.9.4-1',
97 silly addNameRange     '0.9.5-0',
97 silly addNameRange     '0.9.6-0',
97 silly addNameRange     '0.9.7-0',
97 silly addNameRange     '0.9.8-0',
97 silly addNameRange     '0.9.9-0',
97 silly addNameRange     '0.9.10-0',
97 silly addNameRange     '0.9.10-1',
97 silly addNameRange     '0.9.11-0',
97 silly addNameRange     '0.9.11-1',
97 silly addNameRange     '0.10.0-0',
97 silly addNameRange     '0.10.0-1',
97 silly addNameRange     '0.10.1-0',
97 silly addNameRange     '0.10.2-0',
97 silly addNameRange     '0.10.2-1',
97 silly addNameRange     '0.10.3-0',
97 silly addNameRange     '0.10.4-0',
97 silly addNameRange     '0.10.4-1',
97 silly addNameRange     '0.10.5-0',
97 silly addNameRange     '0.10.6-0',
97 silly addNameRange     '0.10.7-0',
97 silly addNameRange     '0.10.8-0',
97 silly addNameRange     '0.10.9-0',
97 silly addNameRange     '0.10.9-1',
97 silly addNameRange     '0.10.10-0',
97 silly addNameRange     '0.10.11-0',
97 silly addNameRange     '0.10.11-1',
97 silly addNameRange     '0.10.11-2',
97 silly addNameRange     '0.10.11-4',
97 silly addNameRange     '0.10.12-0',
97 silly addNameRange     '0.10.13-0',
97 silly addNameRange     '0.10.13-1',
97 silly addNameRange     '0.10.14-0',
97 silly addNameRange     '0.11.0-0',
97 silly addNameRange     '0.11.1-0',
97 silly addNameRange     '0.11.2-0',
97 silly addNameRange     '0.11.3-0',
97 silly addNameRange     '0.11.4-0',
97 silly addNameRange     '0.11.4-1',
97 silly addNameRange     '0.11.5-0',
97 silly addNameRange     '0.11.5-1',
97 silly addNameRange     '0.11.6-0',
97 silly addNameRange     '1.0.0',
97 silly addNameRange     '1.0.1',
97 silly addNameRange     '1.0.2',
97 silly addNameRange     '1.0.3',
97 silly addNameRange     '1.0.4',
97 silly addNameRange     '1.0.5',
97 silly addNameRange     '1.0.7',
97 silly addNameRange     '1.0.8',
97 silly addNameRange     '1.1.0',
97 silly addNameRange     '1.1.1',
97 silly addNameRange     '1.2.0',
97 silly addNameRange     '1.2.1',
97 silly addNameRange     '1.2.2',
97 silly addNameRange     '1.2.3',
97 silly addNameRange     '1.2.4',
97 silly addNameRange     '2.0.2',
97 silly addNameRange     '2.0.3',
97 silly addNameRange     '2.0.4',
97 silly addNameRange     '2.0.5',
97 silly addNameRange     '2.0.6',
97 silly addNameRange     '2.0.7',
97 silly addNameRange     '2.1.1',
97 silly addNameRange     '2.1.2',
97 silly addNameRange     '2.1.3',
97 silly addNameRange     '2.2.0',
97 silly addNameRange     '2.2.1',
97 silly addNameRange     '2.2.2',
97 silly addNameRange     '2.3.0',
97 silly addNameRange     '2.3.1',
97 silly addNameRange     '2.3.2',
97 silly addNameRange     '2.3.3',
97 silly addNameRange     '2.3.4',
97 silly addNameRange     '2.3.5',
97 silly addNameRange     '0.11.6',
97 silly addNameRange     '2.3.6',
97 silly addNameRange     '2.3.9',
97 silly addNameRange     '2.3.10',
97 silly addNameRange     '2.3.11',
97 silly addNameRange     '2.4.0',
97 silly addNameRange     '2.4.1',
97 silly addNameRange     '2.4.2',
97 silly addNameRange     '2.4.3',
97 silly addNameRange     '2.5.0',
97 silly addNameRange     '2.5.1',
97 silly addNameRange     '2.5.2',
97 silly addNameRange     '2.5.3',
97 silly addNameRange     '2.6.0',
97 silly addNameRange     '2.6.1',
97 silly addNameRange     '2.6.2',
97 silly addNameRange     '2.6.3',
97 silly addNameRange     '2.6.4',
97 silly addNameRange     '2.7.0',
97 silly addNameRange     '2.7.1',
97 silly addNameRange     '2.8.0',
97 silly addNameRange     '2.8.1',
97 silly addNameRange     '2.8.2',
97 silly addNameRange     '2.9.0',
97 silly addNameRange     '2.9.1',
97 silly addNameRange     '2.9.2',
97 silly addNameRange     '2.9.3',
97 silly addNameRange     '2.9.4',
97 silly addNameRange     '2.9.5',
97 silly addNameRange     '2.9.6',
97 silly addNameRange     '2.9.7',
97 silly addNameRange     '2.9.8',
97 silly addNameRange     '2.9.9',
97 silly addNameRange     '2.9.10',
97 silly addNameRange     '2.9.11',
97 silly addNameRange     '2.9.12',
97 silly addNameRange     '2.9.13',
97 silly addNameRange     '2.9.14',
97 silly addNameRange     '2.9.15',
97 silly addNameRange     '2.9.16',
97 silly addNameRange     '2.9.17',
97 silly addNameRange     '2.9.18',
97 silly addNameRange     '2.9.19',
97 silly addNameRange     '2.9.20',
97 silly addNameRange     '2.9.21',
97 silly addNameRange     '2.9.22',
97 silly addNameRange     '2.9.23',
97 silly addNameRange     '2.9.24',
97 silly addNameRange     '2.9.25',
97 silly addNameRange     '2.9.26',
97 silly addNameRange     '2.9.27',
97 silly addNameRange     '2.9.28',
97 silly addNameRange     '2.9.29',
97 silly addNameRange     '2.9.30',
97 silly addNameRange     '2.9.31',
97 silly addNameRange     '2.9.32',
97 silly addNameRange     '2.9.33',
97 silly addNameRange     '2.9.34',
97 silly addNameRange     '2.10.0',
97 silly addNameRange     '2.10.1',
97 silly addNameRange     '2.10.2',
97 silly addNameRange     '3.0.0',
97 silly addNameRange     '3.0.1',
97 silly addNameRange     '3.0.2',
97 silly addNameRange     '3.0.3',
97 silly addNameRange     '3.0.4',
97 silly addNameRange     '3.0.5',
97 silly addNameRange     '3.0.6',
97 silly addNameRange     '3.1.0',
97 silly addNameRange     '3.1.1',
97 silly addNameRange     '3.1.2',
97 silly addNameRange     '3.1.3',
97 silly addNameRange     '3.1.4',
97 silly addNameRange     '3.1.5',
97 silly addNameRange     '3.2.0',
97 silly addNameRange     '3.2.1',
97 silly addNameRange     '3.2.2',
97 silly addNameRange     '3.3.0',
97 silly addNameRange     '3.3.1',
97 silly addNameRange     '3.3.2',
97 silly addNameRange     '3.3.3' ] ]
98 silly addNamed bluebird@2.10.2
99 verbose addNamed "2.10.2" is a plain semver version for bluebird
100 silly mapToRegistry name bluebird
101 silly mapToRegistry using default registry
102 silly mapToRegistry registry https://registry.npmjs.org/
103 silly mapToRegistry uri https://registry.npmjs.org/bluebird
104 verbose addRemoteTarball https://registry.npmjs.org/bluebird/-/bluebird-2.10.2.tgz not in flight; adding
105 verbose addRemoteTarball [ 'https://registry.npmjs.org/bluebird/-/bluebird-2.10.2.tgz',
105 verbose addRemoteTarball   '024a5517295308857f14f91f1106fc3b555f446b' ]
106 info retry fetch attempt 1 at 2:16:29 PM
107 info attempt registry request try #1 at 2:16:29 PM
108 http fetch GET https://registry.npmjs.org/bluebird/-/bluebird-2.10.2.tgz
109 http fetch 200 https://registry.npmjs.org/bluebird/-/bluebird-2.10.2.tgz
110 silly fetchAndShaCheck shasum 024a5517295308857f14f91f1106fc3b555f446b
111 verbose addTmpTarball /var/folders/bx/0qkq43pd24jcr2dmb3mffj1h0000gn/T/npm-37473-21082962/registry.npmjs.org/bluebird/-/bluebird-2.10.2.tgz not in flight; adding
112 verbose addTmpTarball already have metadata; skipping unpack for bluebird@2.10.2
113 verbose correctMkdir /Users/Doulatshahi/.npm correctMkdir not in flight; initializing
114 silly cache afterAdd bluebird@2.10.2
115 verbose afterAdd /Users/Doulatshahi/.npm/bluebird/2.10.2/package/package.json not in flight; writing
116 verbose correctMkdir /Users/Doulatshahi/.npm correctMkdir not in flight; initializing
117 verbose afterAdd /Users/Doulatshahi/.npm/bluebird/2.10.2/package/package.json written
118 silly loadAllDepsIntoIdealTree Finishing
119 silly idealTree:prePrune lib
119 silly idealTree:prePrune └─┬ rethinkdb@2.2.2
119 silly idealTree:prePrune   └── bluebird@2.10.2
120 silly loadIdealTree Finishing
121 silly currentTree lib
122 silly idealTree lib
122 silly idealTree └─┬ rethinkdb@2.2.2
122 silly idealTree   └── bluebird@2.10.2
123 silly generateActionsToTake Starting
124 silly install generateActionsToTake
125 silly generateActionsToTake Finishing
126 silly diffTrees action count 2
127 silly diffTrees add bluebird@2.10.2
128 silly diffTrees add rethinkdb@2.2.2
129 silly decomposeActions action count 16
130 silly decomposeActions fetch bluebird@2.10.2
131 silly decomposeActions extract bluebird@2.10.2
132 silly decomposeActions test bluebird@2.10.2
133 silly decomposeActions preinstall bluebird@2.10.2
134 silly decomposeActions build bluebird@2.10.2
135 silly decomposeActions install bluebird@2.10.2
136 silly decomposeActions postinstall bluebird@2.10.2
137 silly decomposeActions finalize bluebird@2.10.2
138 silly decomposeActions fetch rethinkdb@2.2.2
139 silly decomposeActions extract rethinkdb@2.2.2
140 silly decomposeActions test rethinkdb@2.2.2
141 silly decomposeActions preinstall rethinkdb@2.2.2
142 silly decomposeActions build rethinkdb@2.2.2
143 silly decomposeActions install rethinkdb@2.2.2
144 silly decomposeActions postinstall rethinkdb@2.2.2
145 silly decomposeActions finalize rethinkdb@2.2.2
146 silly executeActions Starting
147 silly install executeActions
148 silly doSerial global-install 0
149 silly doParallel fetch 2
150 verbose correctMkdir /Users/Doulatshahi/.npm/_locks correctMkdir not in flight; initializing
151 warn locking Error: EACCES: permission denied, open '/Users/Doulatshahi/.npm/_locks/staging-3a08f0df5026584d.lock'
151 warn locking     at Error (native)
151 warn locking  /Users/Doulatshahi/.npm/_locks/staging-3a08f0df5026584d.lock failed { [Error: EACCES: permission denied, open '/Users/Doulatshahi/.npm/_locks/staging-3a08f0df5026584d.lock']
151 warn locking   errno: -13,
151 warn locking   code: 'EACCES',
151 warn locking   syscall: 'open',
151 warn locking   path: '/Users/Doulatshahi/.npm/_locks/staging-3a08f0df5026584d.lock' }
152 silly rollbackFailedOptional Starting
153 silly rollbackFailedOptional Finishing
154 silly runTopLevelLifecycles Starting
155 silly runTopLevelLifecycles Finishing
156 silly install printInstalled
157 verbose stack Error: EACCES: permission denied, open '/Users/Doulatshahi/.npm/_locks/staging-3a08f0df5026584d.lock'
157 verbose stack     at Error (native)
158 verbose cwd /Users/Doulatshahi/sideprojects/calcutta
159 error Darwin 15.0.0
160 error argv "/usr/local/Cellar/node/0.12.5/bin/node" "/usr/local/bin/npm" "install" "-g" "rethinkdb"
161 error node v5.7.1
162 error npm  v3.6.0
163 error path /Users/Doulatshahi/.npm/_locks/staging-3a08f0df5026584d.lock
164 error code EACCES
165 error errno -13
166 error syscall open
167 error Error: EACCES: permission denied, open '/Users/Doulatshahi/.npm/_locks/staging-3a08f0df5026584d.lock'
167 error     at Error (native)
167 error  { [Error: EACCES: permission denied, open '/Users/Doulatshahi/.npm/_locks/staging-3a08f0df5026584d.lock']
167 error   errno: -13,
167 error   code: 'EACCES',
167 error   syscall: 'open',
167 error   path: '/Users/Doulatshahi/.npm/_locks/staging-3a08f0df5026584d.lock' }
168 error Please try running this command again as root/Administrator.
169 verbose exit [ -13, true ]
